[INFO] Scanning for projects...
[INFO] 
[INFO] -------------------------< net.togogo:common >--------------------------
[INFO] Building nacon7-common 1.0-SNAPSHOT
[INFO]   from pom.xml
[INFO] --------------------------------[ jar ]---------------------------------
Downloading from central: https://repo.maven.apache.org/maven2/org/hibernate/orm/hibernate-core/6.3.1.Final/hibernate-core-6.3.1.Final.jar
Progress (1): 0/11 MB
Progress (1): 0/11 MB
Progress (1): 0/11 MB
Progress (1): 0/11 MB
Progress (1): 0/11 MB
Progress (1): 0/11 MB
Progress (1): 0/11 MB
Progress (1): 0/11 MB
Progress (1): 0/11 MB
Progress (1): 0/11 MB
Progress (1): 0/11 MB
Progress (1): 0/11 MB
Progress (1): 0/11 MB
Progress (1): 0/11 MB
Progress (1): 0/11 MB
Progress (1): 0/11 MB
Progress (1): 0/11 MB
Progress (1): 0/11 MB
Progress (1): 0/11 MB
Progress (1): 0/11 MB
Progress (1): 0/11 MB
Progress (1): 0/11 MB
Progress (1): 0/11 MB
Progress (1): 0/11 MB
Progress (1): 0/11 MB
Progress (1): 0/11 MB
Progress (1): 0/11 MB
Progress (1): 0/11 MB
Progress (1): 0/11 MB
Progress (1): 0/11 MB
Progress (1): 0/11 MB
Progress (1): 0/11 MB
Progress (1): 0/11 MB
Progress (1): 0/11 MB
Progress (1): 0/11 MB
Progress (1): 0/11 MB
Progress (1): 0.1/11 MB
Progress (1): 0.1/11 MB
Progress (1): 0.1/11 MB
Progress (1): 0.1/11 MB
Progress (1): 0.1/11 MB
Progress (1): 0.1/11 MB
Progress (1): 0.1/11 MB
Progress (1): 0.1/11 MB
Progress (1): 0.1/11 MB
Progress (1): 0.1/11 MB
Progress (1): 0.1/11 MB
Progress (1): 0.1/11 MB
Progress (1): 0.1/11 MB
Progress (1): 0.1/11 MB
Progress (1): 0.1/11 MB
Progress (1): 0.1/11 MB
Progress (1): 0.1/11 MB
Progress (1): 0.1/11 MB
Progress (1): 0.1/11 MB
Progress (1): 0.1/11 MB
Progress (1): 0.1/11 MB
Progress (1): 0.1/11 MB
Progress (1): 0.1/11 MB
Progress (1): 0.1/11 MB
Progress (1): 0.1/11 MB
Progress (1): 0.1/11 MB
Progress (1): 0.1/11 MB
Progress (1): 0.1/11 MB
Progress (1): 0.2/11 MB
Progress (1): 0.2/11 MB
Progress (1): 0.2/11 MB
Progress (1): 0.2/11 MB
Progress (1): 0.2/11 MB
Progress (1): 0.2/11 MB
Progress (1): 0.2/11 MB
Progress (1): 0.2/11 MB
Progress (1): 0.2/11 MB
Progress (1): 0.2/11 MB
Progress (1): 0.2/11 MB
Progress (1): 0.2/11 MB
Progress (1): 0.2/11 MB
Progress (1): 0.2/11 MB
Progress (1): 0.2/11 MB
Progress (1): 0.2/11 MB
Progress (1): 0.2/11 MB
Progress (1): 0.2/11 MB
Progress (1): 0.3/11 MB
Progress (1): 0.3/11 MB
Progress (1): 0.3/11 MB
Progress (1): 0.3/11 MB
Progress (1): 0.3/11 MB
Progress (1): 0.3/11 MB
Progress (1): 0.3/11 MB
Progress (1): 0.4/11 MB
Progress (1): 0.4/11 MB
Progress (1): 0.4/11 MB
Progress (1): 0.4/11 MB
Progress (1): 0.4/11 MB
Progress (1): 0.4/11 MB
Progress (1): 0.4/11 MB
Progress (1): 0.5/11 MB
Progress (1): 0.5/11 MB
Progress (1): 0.5/11 MB
Progress (1): 0.5/11 MB
Progress (1): 0.5/11 MB
Progress (1): 0.5/11 MB
Progress (1): 0.5/11 MB
Progress (1): 0.6/11 MB
Progress (1): 0.6/11 MB
Progress (1): 0.6/11 MB
Progress (1): 0.6/11 MB
Progress (1): 0.6/11 MB
Progress (1): 0.6/11 MB
Progress (1): 0.7/11 MB
Progress (1): 0.7/11 MB
Progress (1): 0.7/11 MB
Progress (1): 0.7/11 MB
Progress (1): 0.7/11 MB
Progress (1): 0.7/11 MB
Progress (1): 0.8/11 MB
Progress (1): 0.8/11 MB
Progress (1): 0.8/11 MB
Progress (1): 0.8/11 MB
Progress (1): 0.8/11 MB
Progress (1): 0.8/11 MB
Progress (1): 0.9/11 MB
Progress (1): 0.9/11 MB
Progress (1): 0.9/11 MB
Progress (1): 0.9/11 MB
Progress (1): 0.9/11 MB
Progress (1): 0.9/11 MB
Progress (1): 1.0/11 MB
Progress (1): 1.0/11 MB
Progress (1): 1.0/11 MB
Progress (1): 1.0/11 MB
Progress (1): 1.0/11 MB
Progress (1): 1.0/11 MB
Progress (1): 1.1/11 MB
Progress (1): 1.1/11 MB
Progress (1): 1.1/11 MB
Progress (1): 1.1/11 MB
Progress (1): 1.1/11 MB
Progress (1): 1.1/11 MB
Progress (1): 1.2/11 MB
Progress (1): 1.2/11 MB
Progress (1): 1.2/11 MB
Progress (1): 1.2/11 MB
Progress (1): 1.2/11 MB
Progress (1): 1.2/11 MB
Progress (1): 1.3/11 MB
Progress (1): 1.3/11 MB
Progress (1): 1.3/11 MB
Progress (1): 1.3/11 MB
Progress (1): 1.3/11 MB
Progress (1): 1.3/11 MB
Progress (1): 1.4/11 MB
Progress (1): 1.4/11 MB
Progress (1): 1.4/11 MB
Progress (1): 1.4/11 MB
Progress (1): 1.4/11 MB
Progress (1): 1.4/11 MB
Progress (1): 1.4/11 MB
Progress (1): 1.5/11 MB
Progress (1): 1.5/11 MB
Progress (1): 1.5/11 MB
Progress (1): 1.5/11 MB
Progress (1): 1.5/11 MB
Progress (1): 1.5/11 MB
Progress (1): 1.6/11 MB
Progress (1): 1.6/11 MB
Progress (1): 1.6/11 MB
Progress (1): 1.6/11 MB
Progress (1): 1.6/11 MB
Progress (1): 1.6/11 MB
Progress (1): 1.7/11 MB
Progress (1): 1.7/11 MB
Progress (1): 1.7/11 MB
Progress (1): 1.7/11 MB
Progress (1): 1.7/11 MB
Progress (1): 1.7/11 MB
Progress (1): 1.8/11 MB
Progress (1): 1.8/11 MB
Progress (1): 1.8/11 MB
Progress (1): 1.8/11 MB
Progress (1): 1.8/11 MB
Progress (1): 1.8/11 MB
Progress (1): 1.9/11 MB
Progress (1): 1.9/11 MB
Progress (1): 1.9/11 MB
Progress (1): 1.9/11 MB
Progress (1): 1.9/11 MB
Progress (1): 1.9/11 MB
Progress (1): 2.0/11 MB
Progress (1): 2.0/11 MB
Progress (1): 2.0/11 MB
Progress (1): 2.0/11 MB
Progress (1): 2.0/11 MB
Progress (1): 2.0/11 MB
Progress (1): 2.1/11 MB
Progress (1): 2.1/11 MB
Progress (1): 2.1/11 MB
Progress (1): 2.1/11 MB
Progress (1): 2.1/11 MB
Progress (1): 2.1/11 MB
Progress (1): 2.2/11 MB
Progress (1): 2.2/11 MB
Progress (1): 2.2/11 MB
Progress (1): 2.2/11 MB
Progress (1): 2.2/11 MB
Progress (1): 2.2/11 MB
Progress (1): 2.3/11 MB
Progress (1): 2.3/11 MB
Progress (1): 2.3/11 MB
Progress (1): 2.3/11 MB
Progress (1): 2.3/11 MB
Progress (1): 2.3/11 MB
Progress (1): 2.4/11 MB
Progress (1): 2.4/11 MB
Progress (1): 2.4/11 MB
Progress (1): 2.4/11 MB
Progress (1): 2.4/11 MB
Progress (1): 2.4/11 MB
Progress (1): 2.4/11 MB
Progress (1): 2.5/11 MB
Progress (1): 2.5/11 MB
Progress (1): 2.5/11 MB
Progress (1): 2.5/11 MB
Progress (1): 2.5/11 MB
Progress (1): 2.5/11 MB
Progress (1): 2.6/11 MB
Progress (1): 2.6/11 MB
Progress (1): 2.6/11 MB
Progress (1): 2.6/11 MB
Progress (1): 2.6/11 MB
Progress (1): 2.6/11 MB
Progress (1): 2.7/11 MB
Progress (1): 2.7/11 MB
Progress (1): 2.7/11 MB
Progress (1): 2.7/11 MB
Progress (1): 2.7/11 MB
Progress (1): 2.7/11 MB
Progress (1): 2.8/11 MB
Progress (1): 2.8/11 MB
Progress (1): 2.8/11 MB
Progress (1): 2.8/11 MB
Progress (1): 2.8/11 MB
Progress (1): 2.8/11 MB
Progress (1): 2.9/11 MB
Progress (1): 2.9/11 MB
Progress (1): 2.9/11 MB
Progress (1): 2.9/11 MB
Progress (1): 2.9/11 MB
Progress (1): 2.9/11 MB
Progress (1): 3.0/11 MB
Progress (1): 3.0/11 MB
Progress (1): 3.0/11 MB
Progress (1): 3.0/11 MB
Progress (1): 3.0/11 MB
Progress (1): 3.0/11 MB
Progress (1): 3.1/11 MB
Progress (1): 3.1/11 MB
Progress (1): 3.1/11 MB
Progress (1): 3.1/11 MB
Progress (1): 3.1/11 MB
Progress (1): 3.1/11 MB
Progress (1): 3.1/11 MB
Progress (1): 3.2/11 MB
Progress (1): 3.2/11 MB
Progress (1): 3.2/11 MB
Progress (1): 3.2/11 MB
Progress (1): 3.2/11 MB
Progress (1): 3.2/11 MB
Progress (1): 3.3/11 MB
Progress (1): 3.3/11 MB
Progress (1): 3.3/11 MB
